[debug] [2023-05-08T20:55:09.829Z] ----------------------------------------------------------------------
[debug] [2023-05-08T20:55:09.831Z] Command:       /usr/local/bin/firebase /Users/kevinbautista/.cache/firebase/tools/lib/node_modules/firebase-tools/lib/bin/firebase init hosting
[debug] [2023-05-08T20:55:09.832Z] CLI Version:   11.25.2
[debug] [2023-05-08T20:55:09.832Z] Platform:      darwin
[debug] [2023-05-08T20:55:09.832Z] Node Version:  v16.16.0
[debug] [2023-05-08T20:55:09.838Z] Time:          Mon May 08 2023 22:55:09 GMT+0200 (GMT+02:00)
[debug] [2023-05-08T20:55:09.839Z] ----------------------------------------------------------------------
[debug] 
[debug] [2023-05-08T20:55:09.849Z] >>> [apiv2][query] GET https://firebase-public.firebaseio.com/cli.json [none]
[debug] [2023-05-08T20:55:09.867Z] > command requires scopes: ["email","openid","https://www.googleapis.com/auth/cloudplatformprojects.readonly","https://www.googleapis.com/auth/firebase","https://www.googleapis.com/auth/cloud-platform"]
[debug] [2023-05-08T20:55:09.868Z] > authorizing via signed-in user (henix97@gmail.com)
[info] 
     ######## #### ########  ######## ########     ###     ######  ########
     ##        ##  ##     ## ##       ##     ##  ##   ##  ##       ##
     ######    ##  ########  ######   ########  #########  ######  ######
     ##        ##  ##    ##  ##       ##     ## ##     ##       ## ##
     ##       #### ##     ## ######## ########  ##     ##  ######  ########

You're about to initialize a Firebase project in this directory:

  /Users/kevinbautista/Desktop/CityLink

[info] 
=== Project Setup
[info] 
[info] First, let's associate this project directory with a Firebase project.
[info] You can create multiple project aliases by running firebase use --add, 
[info] but for now we'll just set up a default project.
[info] 
[debug] [2023-05-08T20:55:10.275Z] <<< [apiv2][status] GET https://firebase-public.firebaseio.com/cli.json 200
[debug] [2023-05-08T20:55:10.280Z] <<< [apiv2][body] GET https://firebase-public.firebaseio.com/cli.json {"cloudBuildErrorAfter":1594252800000,"cloudBuildWarnAfter":1590019200000,"defaultNode10After":1594252800000,"minVersion":"3.0.5","node8DeploysDisabledAfter":1613390400000,"node8RuntimeDisabledAfter":1615809600000,"node8WarnAfter":1600128000000}
